Unity Editor version:    2021.3.23f1 (213b516bf396)
Branch:                  2021.3/staging
Build type:              Release
Batch mode:              YES
System name:             Linux
Distro version:          #78-Ubuntu SMP Tue Apr 18 09:00:29 UTC 2023
Kernel version:          5.15.0-71-generic
Architecture:            x86_64
Available memory:        3350 MB
Using pre-set license
Pro License: YES
Desktop is 1920 x 1080 @ 60 Hz
Initialize udev device monitor.

COMMAND LINE ARGUMENTS:
Unity
-adb2
-batchMode
-noUpm
-name
AssetImportWorker0
-projectPath
/home/sbazsi/Dokumentumok/GitHub/chessgame
-logFile
Logs/AssetImportWorker0.log
-srvPort
40385
Successfully changed project path to: /home/sbazsi/Dokumentumok/GitHub/chessgame
/home/sbazsi/Dokumentumok/GitHub/chessgame
[UnityMemory] Configuration Parameters - Can be set up in boot.config
    "memorysetup-bucket-allocator-granularity=16"
    "memorysetup-bucket-allocator-bucket-count=8"
    "memorysetup-bucket-allocator-block-size=33554432"
    "memorysetup-bucket-allocator-block-count=8"
    "memorysetup-main-allocator-block-size=16777216"
    "memorysetup-thread-allocator-block-size=16777216"
    "memorysetup-gfx-main-allocator-block-size=16777216"
    "memorysetup-gfx-thread-allocator-block-size=16777216"
    "memorysetup-cache-allocator-block-size=4194304"
    "memorysetup-typetree-allocator-block-size=2097152"
    "memorysetup-profiler-bucket-allocator-granularity=16"
    "memorysetup-profiler-bucket-allocator-bucket-count=8"
    "memorysetup-profiler-bucket-allocator-block-size=33554432"
    "memorysetup-profiler-bucket-allocator-block-count=8"
    "memorysetup-profiler-allocator-block-size=16777216"
    "memorysetup-profiler-editor-allocator-block-size=1048576"
    "memorysetup-temp-allocator-size-main=16777216"
    "memorysetup-job-temp-allocator-block-size=2097152"
    "memorysetup-job-temp-allocator-block-size-background=1048576"
    "memorysetup-job-temp-allocator-reduction-small-platforms=262144"
    "memorysetup-temp-allocator-size-background-worker=32768"
    "memorysetup-temp-allocator-size-job-worker=262144"
    "memorysetup-temp-allocator-size-preload-manager=33554432"
    "memorysetup-temp-allocator-size-nav-mesh-worker=65536"
    "memorysetup-temp-allocator-size-audio-worker=65536"
    "memorysetup-temp-allocator-size-cloud-worker=32768"
    "memorysetup-temp-allocator-size-gi-baking-worker=262144"
    "memorysetup-temp-allocator-size-gfx=262144"
Player connection [140390280356736] Host "[IP] 192.168.0.220 [Port] 0 [Flags] 2 [Guid] 3038803991 [EditorId] 3038803991 [Version] 1048832 [Id] LinuxEditor(16,192.168.0.220) [Debug] 1 [PackageName] LinuxEditor [ProjectName] Editor" joined multi-casting on [225.0.0.222:54997]...

Player connection [140390280356736] Host "[IP] 192.168.0.220 [Port] 0 [Flags] 2 [Guid] 3038803991 [EditorId] 3038803991 [Version] 1048832 [Id] LinuxEditor(16,192.168.0.220) [Debug] 1 [PackageName] LinuxEditor [ProjectName] Editor" joined alternative multi-casting on [225.0.0.222:34997]...

Refreshing native plugins compatible for Editor in 122,68 ms, found 0 plugins.
Preloading 0 native plugins for Editor in 0,00 ms.
Initialize engine version: 2021.3.23f1 (213b516bf396)
[Subsystems] Discovering subsystems at path /home/sbazsi/Unity/Hub/Editor/2021.3.23f1/Editor/Data/Resources/UnitySubsystems
[Subsystems] Discovering subsystems at path /home/sbazsi/Dokumentumok/GitHub/chessgame/Assets
GLX Extensions: GLX_ARB_context_flush_control GLX_ARB_create_context GLX_ARB_create_context_no_error GLX_ARB_create_context_profile GLX_ARB_create_context_robustness GLX_ARB_fbconfig_float GLX_ARB_framebuffer_sRGB GLX_ARB_get_proc_address GLX_ARB_multisample GLX_EXT_buffer_age GLX_EXT_create_context_es2_profile GLX_EXT_create_context_es_profile GLX_EXT_fbconfig_packed_float GLX_EXT_framebuffer_sRGB GLX_EXT_no_config_context GLX_EXT_swap_control GLX_EXT_swap_control_tear GLX_EXT_texture_from_pixmap GLX_EXT_visual_info GLX_EXT_visual_rating GLX_MESA_copy_sub_buffer GLX_MESA_query_renderer GLX_MESA_swap_control GLX_OML_swap_method GLX_OML_sync_control GLX_SGIS_multisample GLX_SGIX_fbconfig GLX_SGIX_pbuffer GLX_SGIX_visual_select_group GLX_SGI_make_current_read GLX_SGI_video_sync 
Renderer: KAVERI (, LLVM 15.0.6, DRM 2.50, 5.15.0-71-generic)
Vendor:   AMD
Version:  4.5 (Core Profile) Mesa 22.2.5
GLES:     0
 GL_AMD_conservative_depth GL_AMD_depth_clamp_separate GL_AMD_draw_buffers_blend GL_AMD_gpu_shader_int64 GL_AMD_multi_draw_indirect GL_AMD_performance_monitor GL_AMD_pinned_memory GL_AMD_query_buffer_object GL_AMD_seamless_cubemap_per_texture GL_AMD_shader_stencil_export GL_AMD_shader_trinary_minmax GL_AMD_texture_texture4 GL_AMD_vertex_shader_layer GL_AMD_vertex_shader_viewport_index GL_ANGLE_texture_compression_dxt3 GL_ANGLE_texture_compression_dxt5 GL_ARB_ES2_compatibility GL_ARB_ES3_1_compatibility GL_ARB_ES3_2_compatibility GL_ARB_ES3_compatibility GL_ARB_arrays_of_arrays GL_ARB_base_instance GL_ARB_bindless_texture GL_ARB_blend_func_extended GL_ARB_buffer_storage GL_ARB_clear_buffer_object GL_ARB_clear_texture GL_ARB_clip_control GL_ARB_color_buffer_float GL_ARB_compressed_texture_pixel_storage GL_ARB_compute_shader GL_ARB_compute_variable_group_size GL_ARB_conditional_render_inverted GL_ARB_conservative_depth GL_ARB_copy_buffer GL_ARB_copy_image GL_ARB_cull_distance GL_ARB_debug_output GL_ARB_depth_bu
ffer_float GL_ARB_depth_clamp GL_ARB_derivative_control GL_ARB_direct_state_access GL_ARB_draw_buffers GL_ARB_draw_buffers_blend GL_ARB_draw_elements_base_vertex GL_ARB_draw_indirect GL_ARB_draw_instanced GL_ARB_enhanced_layouts GL_ARB_explicit_attrib_location GL_ARB_explicit_uniform_location GL_ARB_fragment_coord_conventions GL_ARB_fragment_layer_viewport GL_ARB_fragment_shader GL_ARB_framebuffer_no_attachments GL_ARB_framebuffer_object GL_ARB_framebuffer_sRGB GL_ARB_get_program_binary GL_ARB_get_texture_sub_image GL_ARB_gl_spirv GL_ARB_gpu_shader5 GL_ARB_gpu_shader_fp64 GL_ARB_gpu_shader_int64 GL_ARB_half_float_pixel GL_ARB_half_float_vertex GL_ARB_instanced_arrays GL_ARB_internalformat_query GL_ARB_internalformat_query2 GL_ARB_invalidate_subdata GL_ARB_map_buffer_alignment GL_ARB_map_buffer_range GL_ARB_multi_bind GL_ARB_multi_draw_indirect GL_ARB_occlusion_query2 GL_ARB_parallel_shader_compile GL_ARB_pipeline_statistics_query GL_ARB_pixel_buffer_object GL_ARB_point_sprite GL_ARB_polygon_offset_clamp GL_A
RB_program_interface_query GL_ARB_provoking_vertex GL_ARB_query_buffer_object GL_ARB_robust_buffer_access_behavior GL_ARB_robustness GL_ARB_sample_shading GL_ARB_sampler_objects GL_ARB_seamless_cube_map GL_ARB_seamless_cubemap_per_texture GL_ARB_separate_shader_objects GL_ARB_shader_atomic_counter_ops GL_ARB_shader_atomic_counters GL_ARB_shader_ballot GL_ARB_shader_bit_encoding GL_ARB_shader_clock GL_ARB_shader_group_vote GL_ARB_shader_image_load_store GL_ARB_shader_image_size GL_ARB_shader_objects GL_ARB_shader_precision GL_ARB_shader_stencil_export GL_ARB_shader_storage_buffer_object GL_ARB_shader_subroutine GL_ARB_shader_texture_image_samples GL_ARB_shader_texture_lod GL_ARB_shader_viewport_layer_array GL_ARB_shading_language_420pack GL_ARB_shading_language_include GL_ARB_shading_language_packing GL_ARB_spirv_extensions GL_ARB_stencil_texturing GL_ARB_sync GL_ARB_tessellation_shader GL_ARB_texture_barrier GL_ARB_texture_buffer_object GL_ARB_texture_buffer_object_rgb32 GL_ARB_texture_buffer_range GL_ARB_te
xture_compression_bptc GL_ARB_texture_compression_rgtc GL_ARB_texture_cube_map_array GL_ARB_texture_filter_anisotropic GL_ARB_texture_float GL_ARB_texture_gather GL_ARB_texture_mirror_clamp_to_edge GL_ARB_texture_multisample GL_ARB_texture_non_power_of_two GL_ARB_texture_query_levels GL_ARB_texture_query_lod GL_ARB_texture_rectangle GL_ARB_texture_rg GL_ARB_texture_rgb10_a2ui GL_ARB_texture_stencil8 GL_ARB_texture_storage GL_ARB_texture_storage_multisample GL_ARB_texture_swizzle GL_ARB_texture_view GL_ARB_timer_query GL_ARB_transform_feedback2 GL_ARB_transform_feedback3 GL_ARB_transform_feedback_instanced GL_ARB_transform_feedback_overflow_query GL_ARB_uniform_buffer_object GL_ARB_vertex_array_bgra GL_ARB_vertex_array_object GL_ARB_vertex_attrib_64bit GL_ARB_vertex_attrib_binding GL_ARB_vertex_buffer_object GL_ARB_vertex_shader GL_ARB_vertex_type_10f_11f_11f_rev GL_ARB_vertex_type_2_10_10_10_rev GL_ARB_viewport_array GL_ATI_blend_equation_separate GL_ATI_meminfo GL_ATI_texture_float GL_ATI_texture_mirror_onc
e GL_EXT_EGL_image_storage GL_EXT_EGL_sync GL_EXT_abgr GL_EXT_blend_equation_separate GL_EXT_demote_to_helper_invocation GL_EXT_depth_bounds_test GL_EXT_draw_buffers2 GL_EXT_draw_instanced GL_EXT_framebuffer_blit GL_EXT_framebuffer_multisample GL_EXT_framebuffer_multisample_blit_scaled GL_EXT_framebuffer_object GL_EXT_framebuffer_sRGB GL_EXT_memory_object GL_EXT_memory_object_fd GL_EXT_packed_depth_stencil GL_EXT_packed_float GL_EXT_pixel_buffer_object GL_EXT_polygon_offset_clamp GL_EXT_provoking_vertex GL_EXT_shader_image_load_formatted GL_EXT_shader_image_load_store GL_EXT_shader_integer_mix GL_EXT_shader_samples_identical GL_EXT_texture_array GL_EXT_texture_compression_dxt1 GL_EXT_texture_compression_rgtc GL_EXT_texture_compression_s3tc GL_EXT_texture_filter_anisotropic GL_EXT_texture_integer GL_EXT_texture_mirror_clamp GL_EXT_texture_sRGB GL_EXT_texture_sRGB_R8 GL_EXT_texture_sRGB_decode GL_EXT_texture_shadow_lod GL_EXT_texture_shared_exponent GL_EXT_texture_snorm GL_EXT_texture_swizzle GL_EXT_timer_quer
y GL_EXT_transform_feedback GL_EXT_vertex_array_bgra GL_EXT_vertex_attrib_64bit GL_EXT_window_rectangles GL_IBM_multimode_draw_arrays GL_INTEL_blackhole_render GL_KHR_blend_equation_advanced GL_KHR_context_flush_control GL_KHR_debug GL_KHR_no_error GL_KHR_parallel_shader_compile GL_KHR_robust_buffer_access_behavior GL_KHR_robustness GL_KHR_texture_compression_astc_ldr GL_KHR_texture_compression_astc_sliced_3d GL_MESA_framebuffer_flip_y GL_MESA_pack_invert GL_MESA_shader_integer_functions GL_MESA_texture_signed_rgba GL_NVX_gpu_memory_info GL_NV_alpha_to_coverage_dither_control GL_NV_compute_shader_derivatives GL_NV_conditional_render GL_NV_copy_image GL_NV_depth_clamp GL_NV_packed_depth_stencil GL_NV_shader_atomic_int64 GL_NV_texture_barrier GL_NV_vdpau_interop GL_OES_EGL_image GL_S3_s3tc
OPENGL LOG: Creating OpenGL 4.5 graphics device ; Context level  <OpenGL 4.5> ; Context handle -409757296
Initialize mono
Mono path[0] = '/home/sbazsi/Unity/Hub/Editor/2021.3.23f1/Editor/Data/Managed'
Mono path[1] = '/home/sbazsi/Unity/Hub/Editor/2021.3.23f1/Editor/Data/MonoBleedingEdge/lib/mono/unityjit-linux'
Mono config path = '/home/sbazsi/Unity/Hub/Editor/2021.3.23f1/Editor/Data/MonoBleedingEdge/etc'
Using monoOptions --debugger-agent=transport=dt_socket,embedding=1,server=y,suspend=n,address=127.0.0.1:56627
Begin MonoManager ReloadAssembly
Registering precompiled unity dll's ...
Register platform support module: /home/sbazsi/Unity/Hub/Editor/2021.3.23f1/Editor/Data/PlaybackEngines/WebGLSupport/UnityEditor.WebGL.Extensions.dll
Register platform support module: /home/sbazsi/Unity/Hub/Editor/2021.3.23f1/Editor/Data/PlaybackEngines/MacStandaloneSupport/UnityEditor.OSXStandalone.Extensions.dll
Register platform support module: /home/sbazsi/Unity/Hub/Editor/2021.3.23f1/Editor/Data/PlaybackEngines/AndroidPlayer/UnityEditor.Android.Extensions.dll
Register platform support module: /home/sbazsi/Unity/Hub/Editor/2021.3.23f1/Editor/Data/PlaybackEngines/iOSSupport/UnityEditor.iOS.Extensions.dll
Register platform support module: /home/sbazsi/Unity/Hub/Editor/2021.3.23f1/Editor/Data/PlaybackEngines/WindowsStandaloneSupport/UnityEditor.WindowsStandalone.Extensions.dll
Register platform support module: /home/sbazsi/Unity/Hub/Editor/2021.3.23f1/Editor/Data/PlaybackEngines/LinuxStandaloneSupport/UnityEditor.LinuxStandalone.Extensions.dll
Registered in 0,065149 seconds.
Native extension for LinuxStandalone target not found
Native extension for WindowsStandalone target not found
[usbmuxd] Start listen thread
[usbmuxd] Listen thread started
Native extension for iOS target not found
Native extension for Android target not found
Android Extension - Scanning For ADB Devices 731 ms
Native extension for OSXStandalone target not found
Native extension for WebGL target not found
Refreshing native plugins compatible for Editor in 126,03 ms, found 0 plugins.
Preloading 0 native plugins for Editor in 0,00 ms.
Mono: successfully reloaded assembly
- Completed reload, in  5,015 seconds
Domain Reload Profiling:
	ReloadAssembly (5017ms)
		BeginReloadAssembly (597ms)
			ExecutionOrderSort (0ms)
			DisableScriptedObjects (0ms)
			BackupInstance (0ms)
			ReleaseScriptingObjects (0ms)
			CreateAndSetChildDomain (4ms)
		EndReloadAssembly (3700ms)
			LoadAssemblies (600ms)
			RebuildTransferFunctionScriptingTraits (1ms)
			SetupTypeCache (798ms)
			ReleaseScriptCaches (0ms)
			RebuildScriptCaches (170ms)
			SetupLoadedEditorAssemblies (2394ms)
				LogAssemblyErrors (0ms)
				InitializePlatformSupportModulesInManaged (1396ms)
				SetLoadedEditorAssemblies (1ms)
				RefreshPlugins (126ms)
				BeforeProcessingInitializeOnLoad (8ms)
				ProcessInitializeOnLoadAttributes (582ms)
				ProcessInitializeOnLoadMethodAttributes (279ms)
				AfterProcessingInitializeOnLoad (0ms)
				EditorAssembliesLoaded (1ms)
			ExecutionOrderSort2 (0ms)
			AwakeInstancesAfterBackupRestoration (0ms)
Platform modules already initialized, skipping
Registering precompiled user dll's ...
Registered in 0,008750 seconds.
Begin MonoManager ReloadAssembly
Native extension for LinuxStandalone target not found
Native extension for WindowsStandalone target not found
Native extension for iOS target not found
Native extension for Android target not found
Native extension for OSXStandalone target not found
Native extension for WebGL target not found
Refreshing native plugins compatible for Editor in 1,14 ms, found 0 plugins.
Preloading 0 native plugins for Editor in 0,00 ms.
Mono: successfully reloaded assembly
- Completed reload, in  5,776 seconds
Domain Reload Profiling:
	ReloadAssembly (5781ms)
		BeginReloadAssembly (607ms)
			ExecutionOrderSort (0ms)
			DisableScriptedObjects (45ms)
			BackupInstance (0ms)
			ReleaseScriptingObjects (0ms)
			CreateAndSetChildDomain (104ms)
		EndReloadAssembly (4489ms)
			LoadAssemblies (766ms)
			RebuildTransferFunctionScriptingTraits (0ms)
			SetupTypeCache (1103ms)
			ReleaseScriptCaches (2ms)
			RebuildScriptCaches (257ms)
			SetupLoadedEditorAssemblies (1974ms)
				LogAssemblyErrors (0ms)
				InitializePlatformSupportModulesInManaged (207ms)
				SetLoadedEditorAssemblies (3ms)
				RefreshPlugins (1ms)
				BeforeProcessingInitializeOnLoad (252ms)
				ProcessInitializeOnLoadAttributes (1351ms)
				ProcessInitializeOnLoadMethodAttributes (123ms)
				AfterProcessingInitializeOnLoad (37ms)
				EditorAssembliesLoaded (1ms)
			ExecutionOrderSort2 (0ms)
			AwakeInstancesAfterBackupRestoration (23ms)
Platform modules already initialized, skipping
========================================================================
Worker process is ready to serve import requests
Launched and connected shader compiler UnityShaderCompiler after 0.06 seconds
Refreshing native plugins compatible for Editor in 1,13 ms, found 0 plugins.
Preloading 0 native plugins for Editor in 0,00 ms.
Unloading 1346 Unused Serialized files (Serialized files now loaded: 0)
Unloading 16 unused Assets / (36,8 KB). Loaded Objects now: 1816.
Memory consumption went from 57,9 MB to 57,8 MB.
Total: 13,098313 ms (FindLiveObjects: 0,531911 ms CreateObjectMapping: 0,296267 ms MarkObjects: 11,800313 ms  DeleteObjects: 0,451733 ms)

AssetImportParameters requested are different than current active one (requested -> active):
  custom:video-decoder-ogg-theora: a1e56fd34408186e4bbccfd4996cb3dc -> 
  custom:container-muxer-webm: aa71ff27fc2769a1b78a27578f13a17b -> 
  custom:container-demuxer-webm: 4f35f7cbe854078d1ac9338744f61a02 -> 
  custom:video-encoder-webm-vp8: eb34c28f22e8b96e1ab97ce403110664 -> 
  custom:audio-encoder-webm-vorbis: bf7c407c2cedff20999df2af8eb42d56 -> 
  custom:container-demuxer-ogg: 62fdf1f143b41e24485cea50d1cbac27 -> 
  custom:video-decoder-webm-vp8: 9c59270c3fd7afecdb556c50c9e8de78 -> 
  custom:audio-decoder-ogg-vorbis: bf7c407c2cedff20999df2af8eb42d56 -> 
========================================================================
Received Import Request.
  Time since last request: 26727,386553 seconds.
  path: Assets/Prefabs/PawnDark.prefab
  artifactKey: Guid(b1d95c04dd54e434aa65855a0f77d30f) Importer(815301076,1909f56bfc062723c751e8b465ee728b)
Start importing Assets/Prefabs/PawnDark.prefab using Guid(b1d95c04dd54e434aa65855a0f77d30f) Importer(815301076,1909f56bfc062723c751e8b465ee728b)  -> (artifact id: '4a6bb02272d93ce872a4a3b30a77a469') in 0,727046 seconds 
========================================================================
Received Import Request.
  Time since last request: 0,000136 seconds.
  path: Assets/Prefabs/KnightLight.prefab
  artifactKey: Guid(85ad2c556fdbd5747ac7f5f67f10e59b) Importer(815301076,1909f56bfc062723c751e8b465ee728b)
Start importing Assets/Prefabs/KnightLight.prefab using Guid(85ad2c556fdbd5747ac7f5f67f10e59b) Importer(815301076,1909f56bfc062723c751e8b465ee728b)  -> (artifact id: '54563295a70dc932a624575b3de384bb') in 0,031353 seconds 
========================================================================
Received Import Request.
  Time since last request: 0,000278 seconds.
  path: Assets/Prefabs/Highlight.prefab
  artifactKey: Guid(eff9a808a491b2590ad66857ad5c7d88) Importer(815301076,1909f56bfc062723c751e8b465ee728b)
Start importing Assets/Prefabs/Highlight.prefab using Guid(eff9a808a491b2590ad66857ad5c7d88) Importer(815301076,1909f56bfc062723c751e8b465ee728b)  -> (artifact id: 'b241071084810371e1e5e9aa86e8874e') in 0,026169 seconds 
========================================================================
Received Import Request.
  Time since last request: 0,000066 seconds.
  path: Assets/Prefabs/BishopDark.prefab
  artifactKey: Guid(f005021ceced8b240983e71a3d481180) Importer(815301076,1909f56bfc062723c751e8b465ee728b)
Start importing Assets/Prefabs/BishopDark.prefab using Guid(f005021ceced8b240983e71a3d481180) Importer(815301076,1909f56bfc062723c751e8b465ee728b)  -> (artifact id: '875be8c738b9933da3e50bf647397a3b') in 0,047234 seconds 
========================================================================
Received Import Request.
  Time since last request: 0,000102 seconds.
  path: Assets/Prefabs/Board.prefab
  artifactKey: Guid(5b856ec4f8f8cb84f861f8f8a026c288) Importer(815301076,1909f56bfc062723c751e8b465ee728b)
Start importing Assets/Prefabs/Board.prefab using Guid(5b856ec4f8f8cb84f861f8f8a026c288) Importer(815301076,1909f56bfc062723c751e8b465ee728b)  -> (artifact id: '39898b13a7ff76bb886623af360db21a') in 0,071587 seconds 
========================================================================
Received Import Request.
  Time since last request: 0,000090 seconds.
  path: Assets/Prefabs
  artifactKey: Guid(95ce7461f9981b580a73162ac9be384c) Importer(815301076,1909f56bfc062723c751e8b465ee728b)
Start importing Assets/Prefabs using Guid(95ce7461f9981b580a73162ac9be384c) Importer(815301076,1909f56bfc062723c751e8b465ee728b)  -> (artifact id: '7ed178cbf9e7c1c13cc16e39a311a656') in 0,002749 seconds 
========================================================================
Received Import Request.
  Time since last request: 0,000055 seconds.
  path: Assets/Prefabs/SelectedChessman.mat
  artifactKey: Guid(312adfbfc90fe262aae4271cbba7d0d2) Importer(815301076,1909f56bfc062723c751e8b465ee728b)
Start importing Assets/Prefabs/SelectedChessman.mat using Guid(312adfbfc90fe262aae4271cbba7d0d2) Importer(815301076,1909f56bfc062723c751e8b465ee728b)  -> (artifact id: 'b8918fc3c5256cfbb801262425664f6e') in 0,120414 seconds 
========================================================================
Received Import Request.
  Time since last request: 0,000084 seconds.
  path: Assets/Prefabs/KingLight.prefab
  artifactKey: Guid(27d2608cb94ae2d44811af52793c3562) Importer(815301076,1909f56bfc062723c751e8b465ee728b)
Start importing Assets/Prefabs/KingLight.prefab using Guid(27d2608cb94ae2d44811af52793c3562) Importer(815301076,1909f56bfc062723c751e8b465ee728b)  -> (artifact id: '9439858f5133ebfc32a7a0b1fd3c8eb1') in 0,038163 seconds 
========================================================================
Received Import Request.
  Time since last request: 0,000112 seconds.
  path: Assets/Prefabs/QueenLight.prefab
  artifactKey: Guid(be3573ba2ba53ea4f8979e64874c493d) Importer(815301076,1909f56bfc062723c751e8b465ee728b)
Start importing Assets/Prefabs/QueenLight.prefab using Guid(be3573ba2ba53ea4f8979e64874c493d) Importer(815301076,1909f56bfc062723c751e8b465ee728b)  -> (artifact id: '5f10bccbae7018e2050ee600b233e3da') in 0,029977 seconds 
========================================================================
Received Import Request.
  Time since last request: 0,000102 seconds.
  path: Assets/Prefabs/BishopLight.prefab
  artifactKey: Guid(1c0f2faf14460a5478057fd4e0575576) Importer(815301076,1909f56bfc062723c751e8b465ee728b)
Start importing Assets/Prefabs/BishopLight.prefab using Guid(1c0f2faf14460a5478057fd4e0575576) Importer(815301076,1909f56bfc062723c751e8b465ee728b)  -> (artifact id: 'd55c46fd30c1fc2b76b005ede62afbeb') in 0,026502 seconds 
========================================================================
Received Import Request.
  Time since last request: 0,000092 seconds.
  path: Assets/Prefabs/RookDark.prefab
  artifactKey: Guid(a72c2cd1520039b4084a4a33dfeccf7e) Importer(815301076,1909f56bfc062723c751e8b465ee728b)
Start importing Assets/Prefabs/RookDark.prefab using Guid(a72c2cd1520039b4084a4a33dfeccf7e) Importer(815301076,1909f56bfc062723c751e8b465ee728b)  -> (artifact id: '4f87f91f74b9014196709978a88d22d4') in 0,030187 seconds 
========================================================================
Received Import Request.
  Time since last request: 0,000109 seconds.
  path: Assets/Prefabs/PawnLight.prefab
  artifactKey: Guid(391882f14be491c40962add653844907) Importer(815301076,1909f56bfc062723c751e8b465ee728b)
Start importing Assets/Prefabs/PawnLight.prefab using Guid(391882f14be491c40962add653844907) Importer(815301076,1909f56bfc062723c751e8b465ee728b)  -> (artifact id: 'f96c82e5b352ede755160bda7cc32872') in 0,032978 seconds 
========================================================================
Received Import Request.
  Time since last request: 0,000088 seconds.
  path: Assets/Prefabs/QueenDark.prefab
  artifactKey: Guid(664a4dc6e997f5f47a9233db911328ac) Importer(815301076,1909f56bfc062723c751e8b465ee728b)
Start importing Assets/Prefabs/QueenDark.prefab using Guid(664a4dc6e997f5f47a9233db911328ac) Importer(815301076,1909f56bfc062723c751e8b465ee728b)  -> (artifact id: '63510d48268056fa4cffb7ae5d1b70c2') in 0,028844 seconds 
========================================================================
Received Import Request.
  Time since last request: 0,000139 seconds.
  path: Assets/Prefabs/KingDark.prefab
  artifactKey: Guid(309659d4eb727d74d91c4875a85edc00) Importer(815301076,1909f56bfc062723c751e8b465ee728b)
Start importing Assets/Prefabs/KingDark.prefab using Guid(309659d4eb727d74d91c4875a85edc00) Importer(815301076,1909f56bfc062723c751e8b465ee728b)  -> (artifact id: '13e6afe04082275e7104b6a569b8370c') in 0,026654 seconds 
========================================================================
Received Import Request.
  Time since last request: 0,000082 seconds.
  path: Assets/Prefabs/KnightDark.prefab
  artifactKey: Guid(a007978aa14da3945b0f6655f65cc278) Importer(815301076,1909f56bfc062723c751e8b465ee728b)
Start importing Assets/Prefabs/KnightDark.prefab using Guid(a007978aa14da3945b0f6655f65cc278) Importer(815301076,1909f56bfc062723c751e8b465ee728b)  -> (artifact id: '291fdb94b4a99aedb8aec4fca0d757aa') in 0,029044 seconds 
========================================================================
Received Import Request.
  Time since last request: 0,000157 seconds.
  path: Assets/Prefabs/RookLight.prefab
  artifactKey: Guid(f1fc282519e5c4a4daaa864f9c3d446f) Importer(815301076,1909f56bfc062723c751e8b465ee728b)
Start importing Assets/Prefabs/RookLight.prefab using Guid(f1fc282519e5c4a4daaa864f9c3d446f) Importer(815301076,1909f56bfc062723c751e8b465ee728b)  -> (artifact id: '05656dd0e013b38eefb42039b78aa4e7') in 0,029634 seconds 
========================================================================
Received Import Request.
  Time since last request: 86,609748 seconds.
  path: Assets/Scripts/BoardHighlights.cs
  artifactKey: Guid(6a976892d508edfafb6d949c62a6c0ca) Importer(815301076,1909f56bfc062723c751e8b465ee728b)
Start importing Assets/Scripts/BoardHighlights.cs using Guid(6a976892d508edfafb6d949c62a6c0ca) Importer(815301076,1909f56bfc062723c751e8b465ee728b)  -> (artifact id: 'b768fe5cfb6b0db732c60d69a5f1fb9f') in 0,002532 seconds 
========================================================================
Received Import Request.
  Time since last request: 11,493493 seconds.
  path: Assets/Scripts/BoardManager.cs
  artifactKey: Guid(0f503fcdebf21262f8c256ff8e999bcc) Importer(815301076,1909f56bfc062723c751e8b465ee728b)
Start importing Assets/Scripts/BoardManager.cs using Guid(0f503fcdebf21262f8c256ff8e999bcc) Importer(815301076,1909f56bfc062723c751e8b465ee728b)  -> (artifact id: 'a97434a92e4ecea4545064702d07ef64') in 0,003136 seconds 
========================================================================
Received Import Request.
  Time since last request: 319,870836 seconds.
  path: Assets/Free Low Poly Chess Set/Bishop/Materials/BishopDark.mat
  artifactKey: Guid(519bb7ad9c0b01145b66756f3c261e30) Importer(815301076,1909f56bfc062723c751e8b465ee728b)
Start importing Assets/Free Low Poly Chess Set/Bishop/Materials/BishopDark.mat using Guid(519bb7ad9c0b01145b66756f3c261e30) Importer(815301076,1909f56bfc062723c751e8b465ee728b)  -> (artifact id: '60c71e85b2cffd03c61aba7567c46a21') in 0,028777 seconds 
========================================================================
Received Import Request.
  Time since last request: 0,000062 seconds.
  path: Assets/Free Low Poly Chess Set/Knight/Materials/KnightLight.mat
  artifactKey: Guid(0d997373e4b0f7349a0bcfd9f75af5c4) Importer(815301076,1909f56bfc062723c751e8b465ee728b)
Start importing Assets/Free Low Poly Chess Set/Knight/Materials/KnightLight.mat using Guid(0d997373e4b0f7349a0bcfd9f75af5c4) Importer(815301076,1909f56bfc062723c751e8b465ee728b)  -> (artifact id: '31e8523b151e09a45cf97c59c01fb3c2') in 0,024475 seconds 
========================================================================
Received Import Request.
  Time since last request: 0,000090 seconds.
  path: Assets/Free Low Poly Chess Set/Queen/Materials/QueenDark.mat
  artifactKey: Guid(7d884c4fe6f7eec41a8c4c06eb3784e2) Importer(815301076,1909f56bfc062723c751e8b465ee728b)
Start importing Assets/Free Low Poly Chess Set/Queen/Materials/QueenDark.mat using Guid(7d884c4fe6f7eec41a8c4c06eb3784e2) Importer(815301076,1909f56bfc062723c751e8b465ee728b)  -> (artifact id: '20460abe6ebf4774a6192ca5939a124f') in 0,025857 seconds 
========================================================================
Received Import Request.
  Time since last request: 0,000110 seconds.
  path: Assets/Free Low Poly Chess Set/Rook/Materials/RookLight.mat
  artifactKey: Guid(3e8d44cfbd3c32a48b671135be64d6ac) Importer(815301076,1909f56bfc062723c751e8b465ee728b)
Start importing Assets/Free Low Poly Chess Set/Rook/Materials/RookLight.mat using Guid(3e8d44cfbd3c32a48b671135be64d6ac) Importer(815301076,1909f56bfc062723c751e8b465ee728b)  -> (artifact id: '87331d5a902914e00bb225fe6c600fd7') in 0,052702 seconds 
========================================================================
Received Import Request.
  Time since last request: 0,000060 seconds.
  path: Assets/Free Low Poly Chess Set/Pawn/Materials/PawnLight.mat
  artifactKey: Guid(b5a19b2be2f034c4a892e205b62b52c8) Importer(815301076,1909f56bfc062723c751e8b465ee728b)
Start importing Assets/Free Low Poly Chess Set/Pawn/Materials/PawnLight.mat using Guid(b5a19b2be2f034c4a892e205b62b52c8) Importer(815301076,1909f56bfc062723c751e8b465ee728b)  -> (artifact id: 'ca7b6064b08567560e00315471b6376c') in 0,067816 seconds 
========================================================================
Received Import Request.
  Time since last request: 0,000075 seconds.
  path: Assets/Free Low Poly Chess Set/Bishop/Materials/BishopLight.mat
  artifactKey: Guid(00912c1e55787984d8a57cef15d87a8b) Importer(815301076,1909f56bfc062723c751e8b465ee728b)
Start importing Assets/Free Low Poly Chess Set/Bishop/Materials/BishopLight.mat using Guid(00912c1e55787984d8a57cef15d87a8b) Importer(815301076,1909f56bfc062723c751e8b465ee728b)  -> (artifact id: '03e879885226f1b2dd266d084d8a4939') in 0,026632 seconds 
========================================================================
Received Import Request.
  Time since last request: 0,000123 seconds.
  path: Assets/Free Low Poly Chess Set/Board/Materials/Lights.mat
  artifactKey: Guid(e3dbe1d6695680f4bb62ee7b5fd3a90f) Importer(815301076,1909f56bfc062723c751e8b465ee728b)
Start importing Assets/Free Low Poly Chess Set/Board/Materials/Lights.mat using Guid(e3dbe1d6695680f4bb62ee7b5fd3a90f) Importer(815301076,1909f56bfc062723c751e8b465ee728b)  -> (artifact id: '4ecfb56d5311493fa5e6100721e0954a') in 0,042802 seconds 
========================================================================
Received Import Request.
  Time since last request: 0,000103 seconds.
  path: Assets/Free Low Poly Chess Set/Pawn/Materials/PawnDark.mat
  artifactKey: Guid(039463fa509ddec4f8f62464f3decc3e) Importer(815301076,1909f56bfc062723c751e8b465ee728b)
Start importing Assets/Free Low Poly Chess Set/Pawn/Materials/PawnDark.mat using Guid(039463fa509ddec4f8f62464f3decc3e) Importer(815301076,1909f56bfc062723c751e8b465ee728b)  -> (artifact id: 'e3c4668e55a83a338aa7b264ea6cc3ce') in 0,026888 seconds 
========================================================================
Received Import Request.
  Time since last request: 0,000071 seconds.
  path: Assets/Free Low Poly Chess Set/Pawn/Mesh/pawn.fbx
  artifactKey: Guid(1ae3b6cad3254b848942cea678f244c7) Importer(815301076,1909f56bfc062723c751e8b465ee728b)
Start importing Assets/Free Low Poly Chess Set/Pawn/Mesh/pawn.fbx using Guid(1ae3b6cad3254b848942cea678f244c7) Importer(815301076,1909f56bfc062723c751e8b465ee728b)  -> (artifact id: 'd9ac45de089ffc036c7c2cdebc006b2d') in 0,290043 seconds 
========================================================================
Received Import Request.
  Time since last request: 0,000076 seconds.
  path: Assets/Free Low Poly Chess Set/King/Materials/KingDark.mat
  artifactKey: Guid(5a3ab2601b4968341a959d89a206c835) Importer(815301076,1909f56bfc062723c751e8b465ee728b)
Start importing Assets/Free Low Poly Chess Set/King/Materials/KingDark.mat using Guid(5a3ab2601b4968341a959d89a206c835) Importer(815301076,1909f56bfc062723c751e8b465ee728b)  -> (artifact id: 'be1991e7481e270665e462acc2e8d725') in 0,023605 seconds 
========================================================================
Received Import Request.
  Time since last request: 0,000102 seconds.
  path: Assets/Free Low Poly Chess Set/Board/Materials/Darks.mat
  artifactKey: Guid(9728b39f56ce29244a90a8c691493fef) Importer(815301076,1909f56bfc062723c751e8b465ee728b)
Start importing Assets/Free Low Poly Chess Set/Board/Materials/Darks.mat using Guid(9728b39f56ce29244a90a8c691493fef) Importer(815301076,1909f56bfc062723c751e8b465ee728b)  -> (artifact id: '89910e620167d1e9f461834885ebf262') in 0,023435 seconds 
========================================================================
Received Import Request.
  Time since last request: 0,000091 seconds.
  path: Assets/Free Low Poly Chess Set/King/Materials/KingLight.mat
  artifactKey: Guid(adefce1589f7e584ebd7c6d597a46ee9) Importer(815301076,1909f56bfc062723c751e8b465ee728b)
Start importing Assets/Free Low Poly Chess Set/King/Materials/KingLight.mat using Guid(adefce1589f7e584ebd7c6d597a46ee9) Importer(815301076,1909f56bfc062723c751e8b465ee728b)  -> (artifact id: 'ce90f1ecf0371a536144e0ccc5f074bd') in 0,023606 seconds 
========================================================================
Received Import Request.
  Time since last request: 0,000088 seconds.
  path: Assets/Free Low Poly Chess Set/Knight/Materials/KnightDark.mat
  artifactKey: Guid(bae910897e7359a4c8e219248d19fc3c) Importer(815301076,1909f56bfc062723c751e8b465ee728b)
Start importing Assets/Free Low Poly Chess Set/Knight/Materials/KnightDark.mat using Guid(bae910897e7359a4c8e219248d19fc3c) Importer(815301076,1909f56bfc062723c751e8b465ee728b)  -> (artifact id: '5a746dce8c999624b4a82ccb92f94998') in 0,023331 seconds 
========================================================================
Received Import Request.
  Time since last request: 0,000088 seconds.
  path: Assets/Free Low Poly Chess Set/Rook/Materials/RookDark.mat
  artifactKey: Guid(c5ac722ef5a533941a87f79b7d4a197a) Importer(815301076,1909f56bfc062723c751e8b465ee728b)
Start importing Assets/Free Low Poly Chess Set/Rook/Materials/RookDark.mat using Guid(c5ac722ef5a533941a87f79b7d4a197a) Importer(815301076,1909f56bfc062723c751e8b465ee728b)  -> (artifact id: 'a0ed72a0e51053ff67dfe766e1b198df') in 0,025028 seconds 
========================================================================
Received Import Request.
  Time since last request: 0,000068 seconds.
  path: Assets/Free Low Poly Chess Set/Queen/Materials/QueenLight.mat
  artifactKey: Guid(1ed4f381fcff50d47acee09c5d1fdef2) Importer(815301076,1909f56bfc062723c751e8b465ee728b)
Start importing Assets/Free Low Poly Chess Set/Queen/Materials/QueenLight.mat using Guid(1ed4f381fcff50d47acee09c5d1fdef2) Importer(815301076,1909f56bfc062723c751e8b465ee728b)  -> (artifact id: '70e714bf26e94e10ca16b403d4359058') in 0,025173 seconds 
========================================================================
Received Import Request.
  Time since last request: 1162,482571 seconds.
  path: Assets/Scripts/Pawn.cs
  artifactKey: Guid(a8af1d874adee0bdf8ec9d0b0bafb763) Importer(815301076,1909f56bfc062723c751e8b465ee728b)
Start importing Assets/Scripts/Pawn.cs using Guid(a8af1d874adee0bdf8ec9d0b0bafb763) Importer(815301076,1909f56bfc062723c751e8b465ee728b)  -> (artifact id: 'e48de1d04b87558a7affb6feecfee3ea') in 0,002930 seconds 
========================================================================
Received Import Request.
  Time since last request: 15,842819 seconds.
  path: Assets/Scripts/Chessman.cs
  artifactKey: Guid(fb062e50090f1a052bcab8a9adfc03b8) Importer(815301076,1909f56bfc062723c751e8b465ee728b)
Start importing Assets/Scripts/Chessman.cs using Guid(fb062e50090f1a052bcab8a9adfc03b8) Importer(815301076,1909f56bfc062723c751e8b465ee728b)  -> (artifact id: '2cfd1233d9c4ca1a45d459912d77d695') in 0,003030 seconds 
